 KPT            1  SPIN            1  KWEIGHT    1.0000000000000000     
     1   -22.700  2.00000
     2   -22.654  2.00000
     3   -22.609  2.00000
     4   -22.567  2.00000
     5   -21.681  2.00000
     6   -21.649  2.00000
     7   -21.185  2.00000
     8   -21.159  2.00000
     9   -20.988  2.00000
    10   -20.964  2.00000
    11   -20.095  2.00000
    12   -20.079  2.00000
    13   -19.822  2.00000
    14   -19.795  2.00000
    15   -19.557  2.00000
    16   -19.542  2.00000
    17   -19.524  2.00000
    18   -19.507  2.00000
    19   -19.251  2.00000
    20   -19.230  2.00000
    21   -19.029  2.00000
    22   -19.007  2.00000
    23   -18.976  2.00000
    24   -18.953  2.00000
    25   -17.591  2.00000
    26   -17.579  2.00000
    27   -17.554  2.00000
    28   -17.527  2.00000
    29   -17.470  2.00000
    30   -17.444  2.00000
    31   -17.378  2.00000
    32   -17.368  2.00000
    33   -17.098  2.00000
    34   -17.080  2.00000
    35   -17.039  2.00000
    36   -17.014  2.00000
    37   -16.940  2.00000
    38   -16.931  2.00000
    39   -16.905  2.00000
    40   -16.891  2.00000
    41   -16.264  2.00000
    42   -16.250  2.00000
    43   -15.683  2.00000
    44   -15.662  2.00000
    45   -15.455  2.00000
    46   -15.434  2.00000
    47   -14.656  2.00000
    48   -14.637  2.00000
    49   -14.387  2.00000
    50   -14.374  2.00000
    51   -14.056  2.00000
    52   -14.042  2.00000
    53   -14.003  2.00000
    54   -13.986  2.00000
    55   -13.830  2.00000
    56   -13.817  2.00000
    57   -13.582  2.00000
    58   -13.575  2.00000
    59   -13.567  2.00000
    60   -13.564  2.00000
    61   -13.510  2.00000
    62   -13.498  2.00000
    63   -13.220  2.00000
    64   -13.208  2.00000
    65   -13.041  2.00000
    66   -13.025  2.00000
    67   -12.733  2.00000
    68   -12.717  2.00000
    69   -12.577  2.00000
    70   -12.565  2.00000
    71   -12.436  2.00000
    72   -12.418  2.00000
    73   -11.678  2.00000
    74   -11.654  2.00000
    75   -11.478  2.00000
    76   -11.467  2.00000
    77   -11.354  2.00000
    78   -11.346  2.00000
    79   -11.225  2.00000
    80   -11.211  2.00000
    81   -11.065  2.00000
    82   -11.051  2.00000
    83   -11.040  2.00000
    84   -11.034  2.00000
    85   -10.974  2.00000
    86   -10.956  2.00000
    87   -10.906  2.00000
    88   -10.824  2.00000
    89   -10.728  2.00000
    90   -10.718  2.00000
    91   -10.710  2.00000
    92   -10.637  2.00000
    93   -10.425  2.00000
    94   -10.415  2.00000
    95   -10.186  2.00000
    96   -10.174  2.00000
    97   -10.158  2.00000
    98   -10.148  2.00000
    99   -10.107  2.00000
   100   -10.099  2.00000
   101   -10.076  2.00000
   102   -10.067  2.00000
   103   -10.066  2.00000
   104   -10.056  2.00000
   105   -10.034  2.00000
   106    -9.881  2.00000
   107    -9.723  2.00000
   108    -9.665  2.00000
   109    -9.654  2.00000
   110    -9.615  2.00000
   111    -9.606  2.00000
   112    -9.571  2.00000
   113    -9.564  2.00000
   114    -9.557  2.00000
   115    -9.466  2.00000
   116    -9.456  2.00000
   117    -9.281  2.00000
   118    -9.270  2.00000
   119    -9.225  2.00000
   120    -9.222  2.00000
   121    -9.214  2.00000
   122    -9.210  2.00000
   123    -9.093  2.00000
   124    -9.083  2.00000
   125    -9.018  2.00000
   126    -8.978  2.00000
   127    -8.965  2.00000
   128    -8.898  2.00000
   129    -8.872  2.00000
   130    -8.828  2.00000
   131    -8.694  2.00000
   132    -8.604  2.00000
   133    -8.435  2.00000
   134    -8.428  2.00000
   135    -8.427  2.00000
   136    -8.420  2.00000
   137    -8.383  2.00000
   138    -8.326  2.00000
   139    -8.130  2.00000
   140    -8.121  2.00000
   141    -8.024  2.00000
   142    -8.016  2.00000
   143    -7.985  2.00000
   144    -7.974  2.00000
   145    -7.869  2.00000
   146    -7.857  2.00000
   147    -7.751  2.00000
   148    -7.701  2.00000
   149    -7.679  2.00000
   150    -7.669  2.00000
   151    -7.663  2.00000
   152    -7.651  2.00000
   153    -7.632  2.00000
   154    -7.619  2.00000
   155    -7.335  2.00000
   156    -7.314  2.00000
   157    -7.171  2.00000
   158    -7.151  2.00000
   159    -7.091  2.00000
   160    -7.071  2.00000
   161    -6.874  2.00000
   162    -6.869  2.00000
   163    -6.788  2.00000
   164    -6.773  2.00000
   165    -6.759  2.00000
   166    -6.745  2.00000
   167    -6.703  2.00000
   168    -6.642  2.00000
   169    -6.633  2.00000
   170    -6.614  2.00000
   171    -6.567  2.00000
   172    -6.500  2.00000
   173    -6.430  2.00000
   174    -6.406  2.00000
   175    -6.383  2.00000
   176    -6.358  2.00000
   177    -6.341  2.00000
   178    -6.319  2.00000
   179    -6.286  2.00000
   180    -6.263  2.00000
   181    -6.190  2.00000
   182    -6.148  2.00000
   183    -5.944  2.00000
   184    -5.920  2.00000
   185    -4.863  2.00000
   186    -4.836  2.00000
   187    -3.593  0.00000
   188    -3.519  0.00000
   189    -3.482  0.00000
   190    -3.421  0.00000
   191    -2.349  0.00000
   192    -2.330  0.00000
   193    -2.115  0.00000
   194    -2.097  0.00000
   195    -1.896  0.00000
   196    -1.877  0.00000
   197    -1.615  0.00000
   198    -1.611  0.00000
   199    -1.578  0.00000
   200    -1.569  0.00000
   201    -0.757  0.00000
   202    -0.711  0.00000
   203    -0.701  0.00000
   204    -0.655  0.00000
   205    -0.503  0.00000
   206    -0.469  0.00000
   207     0.006  0.00000
   208     0.029  0.00000
   209     0.195  0.00000
   210     0.233  0.00000
   211     1.102  0.00000
   212     1.119  0.00000
   213     1.532  0.00000
   214     1.561  0.00000
   215     2.106  0.00000
   216     2.127  0.00000
   217     2.453  0.00000
   218     2.494  0.00000
   219     2.658  0.00000
   220     2.698  0.00000
   221     2.980  0.00000
   222     3.003  0.00000
   223     3.029  0.00000
   224     3.053  0.00000
   225     8.218  0.00000
   226     8.229  0.00000
   227     8.284  0.00000
   228     8.289  0.00000
   229     8.516  0.00000
   230     8.522  0.00000
   231     8.591  0.00000
   232     8.598  0.00000
   233     8.712  0.00000
   234     8.713  0.00000
   235     8.726  0.00000
   236     8.731  0.00000
   237     8.891  0.00000
   238     8.903  0.00000
   239     8.942  0.00000
   240     8.961  0.00000
   241     9.487  0.00000
   242     9.533  0.00000
   243    10.430  0.00000
   244    10.461  0.00000
   245    10.985  0.00000
   246    11.024  0.00000
   247    11.163  0.00000
   248    11.202  0.00000
   249    11.720  0.00000
   250    11.754  0.00000
   251    12.491  0.00000
   252    12.495  0.00000
   253    12.696  0.00000
   254    12.707  0.00000
   255    12.709  0.00000
   256    12.719  0.00000
   257    12.859  0.00000
   258    12.873  0.00000
   259    12.908  0.00000
   260    12.925  0.00000
   261    13.128  0.00000
   262    13.143  0.00000
   263    13.252  0.00000
   264    13.266  0.00000
   265    13.290  0.00000
   266    13.317  0.00000
   267    13.509  0.00000
   268    13.532  0.00000
   269    13.536  0.00000
   270    13.566  0.00000
   271    13.583  0.00000
   272    13.605  0.00000
   273    13.794  0.00000
   274    13.842  0.00000
   275    14.426  0.00000
   276    14.493  0.00000
   277    14.523  0.00000
   278    14.572  0.00000
   279    14.865  0.00000
   280    14.944  0.00000
   281    15.537  0.00000
   282    15.558  0.00000
   283    15.577  0.00000
   284    15.581  0.00000
   285    15.654  0.00000
   286    15.686  0.00000
   287    16.220  0.00000
   288    16.256  0.00000
   289    16.483  0.00000
   290    16.514  0.00000
   291    16.605  0.00000
   292    16.643  0.00000
   293    16.993  0.00000
   294    17.032  0.00000
   295    17.096  0.00000
   296    17.114  0.00000
   297    17.180  0.00000
   298    17.203  0.00000
   299    17.278  0.00000
   300    17.321  0.00000
   301    17.801  0.00000
   302    17.830  0.00000
   303    17.941  0.00000
   304    17.987  0.00000
   305    18.186  0.00000
   306    18.224  0.00000
   307    18.463  0.00000
   308    18.483  0.00000
   309    18.913  0.00000
   310    18.939  0.00000
   311    19.069  0.00000
   312    19.087  0.00000
   313    19.190  0.00000
   314    19.213  0.00000
   315    19.300  0.00000
   316    19.333  0.00000
   317    19.501  0.00000
   318    19.530  0.00000
   319    19.541  0.00000
   320    19.587  0.00000
   321    20.022  0.00000
   322    20.061  0.00000
   323    20.142  0.00000
   324    20.209  0.00000
   325    21.421  0.00000
   326    21.441  0.00000
   327    21.637  0.00000
   328    21.649  0.00000
   329    21.717  0.00000
   330    21.739  0.00000
   331    21.945  0.00000
   332    21.961  0.00000
   333    25.231  0.00000
   334    25.270  0.00000
   335    25.277  0.00000
   336    25.317  0.00000
   337    25.562  0.00000
   338    25.590  0.00000
   339    25.603  0.00000
   340    25.643  0.00000
   341    25.920  0.00000
   342    25.972  0.00000
   343    26.258  0.00000
   344    26.308  0.00000
   345    26.505  0.00000
   346    26.540  0.00000
   347    26.561  0.00000
   348    26.588  0.00000
   349    26.955  0.00000
   350    26.970  0.00000
   351    27.004  0.00000
   352    27.031  0.00000
   353    27.254  0.00000
   354    27.306  0.00000
   355    27.514  0.00000
   356    27.567  0.00000

