 KPT            1  SPIN            1  KWEIGHT    1.0000000000000000     
     1   -21.529  2.00000
     2   -21.093  2.00000
     3   -21.093  2.00000
     4   -21.093  2.00000
     5   -20.254  2.00000
     6   -20.254  2.00000
     7   -20.254  2.00000
     8   -20.254  2.00000
     9   -20.254  2.00000
    10   -19.306  2.00000
    11   -19.306  2.00000
    12   -19.306  2.00000
    13   -18.795  2.00000
    14   -18.795  2.00000
    15   -18.794  2.00000
    16   -18.794  2.00000
    17   -17.603  2.00000
    18   -17.603  2.00000
    19   -17.603  2.00000
    20   -17.602  2.00000
    21   -17.602  2.00000
    22   -17.385  2.00000
    23   -17.385  2.00000
    24   -17.385  2.00000
    25   -17.385  2.00000
    26   -16.285  2.00000
    27   -16.285  2.00000
    28   -16.284  2.00000
    29   -16.284  2.00000
    30   -16.284  2.00000
    31   -15.525  2.00000
    32   -15.525  2.00000
    33   -15.524  2.00000
    34   -14.441  2.00000
    35   -14.441  2.00000
    36   -14.440  2.00000
    37   -14.127  2.00000
    38   -14.126  2.00000
    39   -14.126  2.00000
    40   -13.857  2.00000
    41   -13.857  2.00000
    42   -13.857  2.00000
    43   -13.857  2.00000
    44   -13.856  2.00000
    45   -12.481  2.00000
    46   -12.304  2.00000
    47   -12.304  2.00000
    48   -12.304  2.00000
    49   -12.303  2.00000
    50   -12.040  2.00000
    51   -12.040  2.00000
    52   -12.040  2.00000
    53   -12.040  2.00000
    54   -12.040  2.00000
    55   -11.147  2.00000
    56   -11.147  2.00000
    57   -11.147  2.00000
    58   -11.023  2.00000
    59   -10.739  2.00000
    60   -10.739  2.00000
    61   -10.739  2.00000
    62   -10.565  2.00000
    63   -10.565  2.00000
    64   -10.564  2.00000
    65   -10.469  2.00000
    66   -10.469  2.00000
    67   -10.469  2.00000
    68   -10.469  2.00000
    69    -9.852  2.00000
    70    -9.852  2.00000
    71    -9.852  2.00000
    72    -9.851  2.00000
    73    -9.851  2.00000
    74    -9.658  2.00000
    75    -9.658  2.00000
    76    -9.658  2.00000
    77    -9.657  2.00000
    78    -9.657  2.00000
    79    -9.656  2.00000
    80    -9.656  2.00000
    81    -9.656  2.00000
    82    -9.656  2.00000
    83    -9.647  2.00000
    84    -9.647  2.00000
    85    -9.647  2.00000
    86    -8.956  2.00000
    87    -8.956  2.00000
    88    -8.955  2.00000
    89    -8.955  2.00000
    90    -8.572  2.00000
    91    -8.571  2.00000
    92    -8.571  2.00000
    93    -8.139  2.00000
    94    -8.139  2.00000
    95    -8.139  2.00000
    96    -8.138  2.00000
    97    -8.138  2.00000
    98    -8.116  2.00000
    99    -8.116  2.00000
   100    -8.116  2.00000
   101    -8.116  2.00000
   102    -7.982  2.00000
   103    -7.982  2.00000
   104    -7.982  2.00000
   105    -7.982  2.00000
   106    -7.981  2.00000
   107    -6.800  2.00000
   108    -6.800  2.00000
   109    -6.799  2.00000
   110    -6.799  2.00000
   111    -6.799  2.00000
   112    -6.780  2.00000
   113    -6.780  2.00000
   114    -6.780  2.00000
   115    -6.779  2.00000
   116    -5.854  2.00000
   117    -5.854  2.00000
   118    -5.853  2.00000
   119    -5.853  2.00000
   120    -5.853  2.00000
   121    -4.056  0.00000
   122    -4.056  0.00000
   123    -4.056  0.00000
   124    -3.284  0.00000
   125    -3.283  0.00000
   126    -3.283  0.00000
   127    -1.961  0.00000
   128    -1.961  0.00000
   129    -1.961  0.00000
   130    -1.961  0.00000
   131    -1.961  0.00000
   132    -1.885  0.00000
   133    -1.885  0.00000
   134    -1.885  0.00000
   135    -0.875  0.00000
   136    -0.875  0.00000
   137    -0.875  0.00000
   138    -0.875  0.00000
   139    -0.875  0.00000
   140    -0.264  0.00000
   141    -0.264  0.00000
   142    -0.264  0.00000
   143    -0.264  0.00000
   144     0.514  0.00000
   145     0.515  0.00000
   146     0.515  0.00000
   147     0.517  0.00000
   148     0.654  0.00000
   149     0.654  0.00000
   150     0.655  0.00000
   151     7.558  0.00000
   152     7.559  0.00000
   153     7.560  0.00000
   154     8.150  0.00000
   155     8.151  0.00000
   156     8.151  0.00000
   157     9.854  0.00000
   158     9.855  0.00000
   159     9.856  0.00000
   160     9.856  0.00000
   161     9.856  0.00000
   162    11.198  0.00000
   163    11.198  0.00000
   164    11.198  0.00000
   165    11.198  0.00000
   166    11.199  0.00000
   167    11.576  0.00000
   168    11.576  0.00000
   169    11.576  0.00000
   170    11.577  0.00000
   171    13.177  0.00000
   172    13.177  0.00000
   173    13.178  0.00000
   174    14.540  0.00000
   175    14.543  0.00000
   176    14.546  0.00000
   177    14.573  0.00000
   178    14.574  0.00000
   179    14.574  0.00000
   180    14.574  0.00000
   181    15.142  0.00000
   182    15.142  0.00000
   183    15.145  0.00000
   184    15.147  0.00000
   185    15.147  0.00000
   186    16.407  0.00000
   187    16.408  0.00000
   188    16.409  0.00000
   189    16.410  0.00000
   190    16.410  0.00000
   191    16.800  0.00000
   192    16.801  0.00000
   193    16.803  0.00000
   194    17.913  0.00000
   195    17.918  0.00000
   196    17.919  0.00000
   197    19.039  0.00000
   198    19.040  0.00000
   199    19.041  0.00000
   200    19.382  0.00000
   201    19.383  0.00000
   202    19.383  0.00000
   203    19.384  0.00000
   204    20.243  0.00000
   205    20.244  0.00000
   206    20.244  0.00000
   207    20.244  0.00000
   208    20.244  0.00000
   209    20.337  0.00000
   210    20.338  0.00000
   211    20.340  0.00000
   212    20.341  0.00000
   213    20.342  0.00000
   214    20.622  0.00000
   215    20.622  0.00000
   216    20.623  0.00000
   217    20.623  0.00000
   218    20.936  0.00000
   219    20.936  0.00000
   220    20.937  0.00000
   221    21.594  0.00000
   222    21.595  0.00000
   223    21.596  0.00000
   224    22.148  0.00000
   225    22.149  0.00000
   226    22.152  0.00000
   227    22.153  0.00000
   228    22.153  0.00000
   229    22.165  0.00000
   230    22.682  0.00000
   231    22.683  0.00000
   232    22.684  0.00000
   233    22.685  0.00000
   234    25.092  0.00000
   235    25.094  0.00000
   236    25.095  0.00000
   237    25.097  0.00000
   238    25.519  0.00000
   239    25.521  0.00000
   240    25.522  0.00000

